<?xml version="1.0" encoding="UTF-8"?>
<!-- Generated by org.testng.reporters.JUnitReportReporter -->
<testsuite skipped="0" hostname="My-PC" name="Methods.Delete" tests="1" failures="0" timestamp="2021-06-02T00:05:20 EDT" time="8.407" errors="0">
  <testcase name="DeletingResponse" time="8.407" classname="Methods.Delete"/>
</testsuite> <!-- Methods.Delete -->
